  Sphere.cpp
C:\Users\Lucas\Documents\delivery\Tsinghua\Computer Graphics\Assignment2\Assignment2\Sphere.cpp(7,22): warning C4244: 'initialisation' : conversion de 'double' en 'float', perte possible de données
C:\Users\Lucas\Documents\delivery\Tsinghua\Computer Graphics\Assignment2\Assignment2\Sphere.cpp(7,16): warning C4244: 'initialisation' : conversion de 'double' en 'const float', perte possible de données
C:\Users\Lucas\Documents\delivery\Tsinghua\Computer Graphics\Assignment2\Assignment2\Sphere.cpp(154,25): warning C4267: '=' : conversion de 'size_t' en 'GLsizei', perte possible de données
C:\Program Files (x86)\Microsoft Visual Studio\2019\Community\VC\Tools\MSVC\14.29.30133\include\xutility(158,77): warning C4244: 'argument' : conversion de '_Ty' en 'const T', perte possible de données
          with
          [
              _Ty=double
          ]
          and
          [
              T=float
          ]
C:\Program Files (x86)\Microsoft Visual Studio\2019\Community\VC\Tools\MSVC\14.29.30133\include\memory(2021): message : voir la référence à l'instanciation de la fonction modèle 'void std::_Construct_in_place<_Ty,double>(_Ty &,double &&) noexcept(false)' en cours de compilation
          with
          [
              _Ty=glm::mat4
          ]
C:\Program Files (x86)\Microsoft Visual Studio\2019\Community\VC\Tools\MSVC\14.29.30133\include\memory(2747): message : voir la référence à l'instanciation de la fonction modèle 'std::_Ref_count_obj2<_Ty>::_Ref_count_obj2<double>(double &&)' en cours de compilation
          with
          [
              _Ty=glm::mat4
          ]
C:\Program Files (x86)\Microsoft Visual Studio\2019\Community\VC\Tools\MSVC\14.29.30133\include\memory(2748): message : voir la référence à l'instanciation de la fonction modèle 'std::_Ref_count_obj2<_Ty>::_Ref_count_obj2<double>(double &&)' en cours de compilation
          with
          [
              _Ty=glm::mat4
          ]
C:\Users\Lucas\Documents\delivery\Tsinghua\Computer Graphics\Assignment2\Assignment2\Sphere.cpp(12): message : voir la référence à l'instanciation de la fonction modèle 'std::shared_ptr<glm::mat4> std::make_shared<glm::mat4,double>(double &&)' en cours de compilation
  Assignment2.vcxproj -> C:\Users\Lucas\Documents\delivery\Tsinghua\Computer Graphics\Assignment2\x64\Debug\Assignment2.exe
